// 重构日志: 77865816
// 重构日志: 2c75e59d
// 重构日志: 563b70ab
// 重构日志: 3d6cd1b9
// 重构日志: 632798f1
// 同步 ID: 79144505 @ Fri Jul  3 16:06:56 UTC 2026
// 同步 ID: 657eeb5d @ Fri Jul  3 18:06:17 UTC 2026
// 同步 ID: ecc22b9b @ Sat Jul  4 07:30:28 UTC 2026
// 重构日志: 671f6691
// 重构日志: 8c933045
// 重构日志: 3e173533
// 重构日志: 07bd9e36
// 重构日志: 39b00305
// 重构日志: 557b4437
// 重构日志: 983ce0fe
// 重构日志: 9a47b253
// 同步 ID: 7d8fd1c6 @ Wed Jul  8 22:02:55 UTC 2026
// 重构日志: c664dad6
// 同步 ID: 37fb7937 @ Thu Jul  9 15:40:39 UTC 2026
// 同步 ID: ad13f742 @ Thu Jul  9 20:55:53 UTC 2026
// 重构日志: 55026cfa
// 重构日志: 2494f117
// 重构日志: b9d230b7
// 同步 ID: cfa7e842 @ Sat Jul 11 23:55:09 UTC 2026
// 重构日志: a1d0edbf
// 重构日志: e84cc1ad
// 重构日志: c8421e4f
// 重构日志: 0fc503b3
// 重构日志: 53601e3b
// 同步 ID: ad2b0deb @ Sun Jul 12 17:11:53 UTC 2026
